SF:lib/AppStation/Protect/Incident_report/action_taken.dart
DA:20,29
DA:22,4
DA:23,4
DA:33,4
DA:35,4
DA:36,4
DA:37,4
DA:38,4
DA:39,0
DA:40,0
DA:41,0
DA:42,0
DA:47,0
DA:48,0
DA:49,0
DA:50,0
DA:51,0
DA:52,0
DA:54,0
DA:55,0
DA:57,0
DA:58,0
DA:60,0
DA:61,0
DA:63,0
DA:64,0
DA:66,0
DA:67,0
DA:69,0
DA:70,0
DA:72,0
DA:73,0
DA:75,0
DA:76,0
DA:78,0
DA:79,0
DA:81,0
DA:82,0
DA:84,0
DA:85,0
DA:87,0
DA:88,0
DA:90,0
DA:91,0
DA:93,0
DA:95,0
DA:96,0
DA:100,4
DA:102,4
DA:104,4
DA:105,4
DA:106,4
DA:107,4
DA:108,4
DA:109,4
DA:111,4
DA:114,4
DA:115,4
DA:116,4
DA:119,4
DA:120,4
DA:121,8
DA:129,4
DA:130,0
DA:131,0
DA:132,0
DA:135,0
DA:136,0
DA:137,0
DA:138,0
DA:139,0
DA:140,0
DA:141,0
DA:143,0
DA:144,0
DA:145,0
DA:146,0
DA:147,0
DA:150,0
DA:151,0
DA:152,0
DA:153,0
DA:155,0
DA:156,0
DA:157,0
DA:158,0
DA:167,0
DA:168,0
DA:170,4
DA:172,4
DA:175,4
DA:180,4
DA:182,4
DA:184,0
DA:185,0
DA:186,0
DA:195,0
DA:196,0
DA:197,0
DA:198,0
DA:199,0
DA:200,0
DA:201,0
DA:202,0
DA:203,0
DA:204,0
DA:205,0
DA:206,0
DA:207,0
DA:208,0
DA:209,0
DA:210,0
DA:213,0
DA:214,0
DA:215,0
DA:219,0
DA:220,0
DA:221,0
DA:226,0
DA:227,0
DA:228,0
DA:232,0
DA:235,0
DA:236,0
DA:237,0
DA:243,0
DA:245,0
DA:247,0
DA:248,0
DA:249,0
DA:250,0
DA:251,0
DA:252,0
DA:255,0
DA:258,0
DA:261,0
DA:262,0
DA:266,0
DA:267,0
DA:268,0
DA:272,0
DA:273,0
DA:277,0
DA:280,0
DA:281,0
DA:282,0
DA:285,0
DA:286,0
DA:287,0
DA:290,0
DA:291,0
DA:293,0
DA:294,0
DA:297,0
DA:300,0
DA:301,0
DA:304,0
DA:308,0
DA:311,0
DA:312,0
DA:314,0
DA:315,0
DA:318,0
DA:322,0
DA:324,0
DA:325,0
DA:328,0
DA:348,0
DA:350,0
DA:351,0
DA:353,0
DA:354,0
DA:357,0
DA:359,0
DA:361,0
DA:364,0
DA:365,0
DA:368,0
DA:372,0
DA:374,0
DA:375,0
DA:377,0
DA:378,0
DA:381,0
DA:383,0
DA:385,0
DA:388,0
DA:390,0
DA:391,0
DA:394,0
DA:399,0
DA:401,0
DA:402,0
DA:404,0
DA:405,0
DA:408,0
DA:410,0
DA:412,0
DA:415,0
DA:417,0
DA:418,0
DA:421,0
DA:437,0
DA:438,0
DA:439,0
DA:442,0
DA:445,0
DA:449,0
DA:450,0
DA:451,0
DA:452,0
DA:455,0
DA:459,0
DA:460,0
DA:461,0
DA:462,0
DA:474,0
DA:480,4
DA:481,8
DA:482,0
DA:483,0
DA:484,0
DA:485,0
DA:487,12
DA:490,0
DA:492,0
DA:495,0
DA:498,0
DA:504,0
DA:505,0
DA:508,0
DA:509,0
DA:516,0
DA:517,0
LF:234
LH:32
end_of_record
SF:lib/AppStation/Protect/Incident_report/my_ir.dart
DA:17,29
DA:19,6
DA:20,6
DA:29,6
DA:30,6
DA:31,6
DA:32,6
DA:33,6
DA:34,0
DA:35,0
DA:36,0
DA:37,0
DA:42,0
DA:43,0
DA:44,0
DA:45,0
DA:46,0
DA:47,0
DA:49,0
DA:50,0
DA:52,0
DA:53,0
DA:55,0
DA:56,0
DA:58,0
DA:59,0
DA:61,0
DA:62,0
DA:64,0
DA:65,0
DA:67,0
DA:68,0
DA:70,0
DA:71,0
DA:73,0
DA:74,0
DA:76,0
DA:77,0
DA:79,0
DA:80,0
DA:82,0
DA:83,0
DA:85,0
DA:86,0
DA:88,0
DA:90,0
DA:91,0
DA:95,6
DA:97,6
DA:99,6
DA:100,6
DA:101,6
DA:102,6
DA:103,6
DA:104,6
DA:107,6
DA:110,6
DA:111,6
DA:112,6
DA:116,6
DA:117,6
DA:119,12
DA:128,6
DA:129,0
DA:130,0
DA:131,0
DA:134,0
DA:136,0
DA:137,0
DA:138,0
DA:139,0
DA:140,0
DA:141,0
DA:143,0
DA:144,0
DA:145,0
DA:146,0
DA:147,0
DA:150,0
DA:151,0
DA:152,0
DA:153,0
DA:154,0
DA:156,0
DA:157,0
DA:158,0
DA:159,0
DA:160,0
DA:170,0
DA:171,0
DA:173,6
DA:175,6
DA:178,6
DA:183,6
DA:185,6
DA:187,0
DA:188,0
DA:189,0
DA:204,0
DA:205,0
DA:206,0
DA:207,0
DA:208,0
DA:209,0
DA:210,0
DA:211,0
DA:212,0
DA:213,0
DA:214,0
DA:215,0
DA:216,0
DA:217,0
DA:218,0
DA:219,0
DA:222,0
DA:223,0
DA:224,0
DA:228,0
DA:229,0
DA:230,0
DA:235,0
DA:236,0
DA:237,0
DA:241,0
DA:244,0
DA:245,0
DA:246,0
DA:252,0
DA:254,0
DA:256,0
DA:257,0
DA:258,0
DA:259,0
DA:260,0
DA:261,0
DA:264,0
DA:268,0
DA:272,0
DA:273,0
DA:277,0
DA:278,0
DA:279,0
DA:285,0
DA:291,0
DA:292,0
DA:298,0
DA:299,0
DA:300,0
DA:302,0
DA:303,0
DA:304,0
DA:305,0
DA:308,0
DA:309,0
DA:311,0
DA:313,0
DA:316,0
DA:323,0
DA:324,0
DA:325,0
DA:328,0
DA:336,0
DA:339,0
DA:340,0
DA:342,0
DA:344,0
DA:347,0
DA:354,0
DA:356,0
DA:357,0
DA:358,0
DA:361,0
DA:387,0
DA:389,0
DA:390,0
DA:392,0
DA:394,0
DA:397,0
DA:401,0
DA:403,0
DA:404,0
DA:410,0
DA:411,0
DA:412,0
DA:415,0
DA:423,0
DA:425,0
DA:426,0
DA:428,0
DA:430,0
DA:433,0
DA:437,0
DA:439,0
DA:440,0
DA:446,0
DA:448,0
DA:449,0
DA:450,0
DA:453,0
DA:462,0
DA:463,0
DA:465,0
DA:466,0
DA:468,0
DA:470,0
DA:473,0
DA:477,0
DA:479,0
DA:480,0
DA:486,0
DA:488,0
DA:489,0
DA:490,0
DA:493,0
DA:511,0
DA:512,0
DA:513,0
DA:516,0
DA:518,0
DA:527,0
DA:536,0
DA:537,0
DA:538,0
DA:546,0
DA:555,0
DA:556,0
DA:557,0
DA:570,0
DA:574,6
DA:575,12
DA:576,0
DA:577,0
DA:578,0
DA:579,0
DA:581,18
DA:584,0
DA:585,0
DA:586,0
DA:589,0
DA:592,0
DA:593,0
DA:595,0
DA:599,0
DA:600,0
DA:601,0
DA:604,0
DA:606,0
DA:647,0
DA:649,0
DA:652,0
DA:655,0
DA:661,0
DA:662,0
DA:665,0
DA:666,0
DA:673,0
DA:674,0
LF:257
LH:32
end_of_record
SF:lib/AppStation/Protect/Incident_report/pending_actions.dart
DA:19,29
DA:21,4
DA:22,4
DA:31,4
DA:33,4
DA:34,4
DA:35,4
DA:36,4
DA:37,0
DA:38,0
DA:39,0
DA:40,0
DA:45,0
DA:46,0
DA:47,0
DA:48,0
DA:49,0
DA:50,0
DA:52,0
DA:53,0
DA:55,0
DA:56,0
DA:58,0
DA:59,0
DA:61,0
DA:62,0
DA:64,0
DA:65,0
DA:67,0
DA:68,0
DA:70,0
DA:71,0
DA:73,0
DA:74,0
DA:76,0
DA:77,0
DA:79,0
DA:80,0
DA:82,0
DA:83,0
DA:85,0
DA:86,0
DA:88,0
DA:89,0
DA:91,0
DA:93,0
DA:94,0
DA:98,4
DA:100,4
DA:101,4
DA:102,4
DA:103,4
DA:104,4
DA:105,4
DA:106,4
DA:109,4
DA:112,4
DA:113,4
DA:114,4
DA:118,4
DA:119,4
DA:121,8
DA:130,4
DA:131,0
DA:132,0
DA:133,0
DA:136,0
DA:138,0
DA:139,0
DA:140,0
DA:141,0
DA:142,0
DA:143,0
DA:145,0
DA:146,0
DA:147,0
DA:148,0
DA:149,0
DA:152,0
DA:153,0
DA:154,0
DA:155,0
DA:156,0
DA:158,0
DA:159,0
DA:160,0
DA:161,0
DA:162,0
DA:172,0
DA:173,0
DA:175,4
DA:177,4
DA:180,4
DA:185,4
DA:187,4
DA:189,0
DA:190,0
DA:191,0
DA:203,0
DA:204,0
DA:205,0
DA:206,0
DA:207,0
DA:208,0
DA:209,0
DA:210,0
DA:211,0
DA:212,0
DA:213,0
DA:214,0
DA:215,0
DA:216,0
DA:217,0
DA:219,0
DA:222,0
DA:223,0
DA:224,0
DA:228,0
DA:229,0
DA:230,0
DA:235,0
DA:236,0
DA:237,0
DA:241,0
DA:244,0
DA:245,0
DA:246,0
DA:252,0
DA:254,0
DA:256,0
DA:257,0
DA:258,0
DA:259,0
DA:260,0
DA:261,0
DA:264,0
DA:268,0
DA:271,0
DA:272,0
DA:276,0
DA:277,0
DA:278,0
DA:282,0
DA:283,0
DA:287,0
DA:288,0
DA:294,0
DA:295,0
DA:296,0
DA:298,0
DA:299,0
DA:300,0
DA:301,0
DA:304,0
DA:305,0
DA:307,0
DA:309,0
DA:312,0
DA:319,0
DA:320,0
DA:321,0
DA:324,0
DA:332,0
DA:335,0
DA:336,0
DA:338,0
DA:340,0
DA:343,0
DA:350,0
DA:352,0
DA:353,0
DA:354,0
DA:357,0
DA:383,0
DA:385,0
DA:386,0
DA:388,0
DA:390,0
DA:393,0
DA:397,0
DA:399,0
DA:400,0
DA:406,0
DA:407,0
DA:408,0
DA:411,0
DA:419,0
DA:421,0
DA:422,0
DA:424,0
DA:426,0
DA:429,0
DA:433,0
DA:435,0
DA:436,0
DA:442,0
DA:444,0
DA:445,0
DA:446,0
DA:449,0
DA:458,0
DA:460,0
DA:461,0
DA:463,0
DA:465,0
DA:468,0
DA:472,0
DA:474,0
DA:475,0
DA:481,0
DA:483,0
DA:484,0
DA:485,0
DA:488,0
DA:505,0
DA:506,0
DA:507,0
DA:510,0
DA:511,0
DA:520,0
DA:529,0
DA:530,0
DA:531,0
DA:539,0
DA:548,0
DA:549,0
DA:550,0
DA:563,0
DA:567,4
DA:568,8
DA:569,0
DA:570,0
DA:571,0
DA:572,0
DA:574,12
DA:577,0
DA:579,0
DA:582,0
DA:585,0
DA:591,0
DA:592,0
DA:595,0
DA:596,0
DA:603,0
DA:604,0
DA:615,0
DA:616,0
DA:617,0
DA:620,0
DA:621,0
DA:622,0
LF:251
LH:32
end_of_record
SF:lib/AppStation/Protect/Incident_report/DataModel/IncidentRequest.dart
DA:17,0
DA:33,0
DA:34,0
DA:35,0
DA:36,0
DA:37,0
DA:38,0
DA:39,0
DA:40,0
DA:41,0
DA:42,0
DA:43,0
DA:44,0
DA:45,0
DA:46,0
LF:15
LH:0
end_of_record
SF:lib/AppStation/Protect/Incident_report/DataModel/IncidentTypeModel.dart
DA:5,4
LF:1
LH:1
end_of_record
SF:lib/AppStation/Protect/Incident_report/submit_incident.dart
DA:28,73
DA:30,4
DA:31,4
DA:58,8
DA:60,4
DA:68,8
DA:73,4
DA:75,4
DA:76,4
DA:77,4
DA:78,12
DA:79,12
DA:80,12
DA:81,12
DA:86,4
DA:88,8
DA:89,4
DA:91,4
DA:92,4
DA:93,4
DA:94,4
DA:97,0
DA:109,4
DA:110,4
DA:111,4
DA:114,4
DA:116,4
DA:118,4
DA:119,4
DA:139,2
DA:141,4
DA:142,0
DA:144,0
DA:147,0
DA:150,0
DA:152,0
DA:155,0
DA:160,0
DA:162,0
DA:165,0
DA:170,0
DA:172,0
DA:175,0
DA:180,0
DA:182,0
DA:185,0
DA:191,0
DA:194,0
DA:195,0
DA:200,0
DA:204,0
DA:207,0
DA:208,0
DA:209,0
DA:210,0
DA:211,0
DA:212,0
DA:213,0
DA:214,0
DA:215,0
DA:216,0
DA:217,0
DA:218,0
DA:219,0
DA:220,0
DA:221,0
DA:222,0
DA:223,0
DA:224,0
DA:226,0
DA:228,0
DA:229,0
DA:230,0
DA:231,0
DA:235,0
DA:236,0
DA:237,0
DA:239,0
DA:241,0
DA:244,0
DA:245,0
DA:246,0
DA:248,0
DA:250,0
DA:253,0
DA:254,0
DA:256,0
DA:257,0
DA:258,0
DA:265,0
DA:283,4
DA:284,4
DA:285,4
DA:287,4
DA:288,4
DA:290,4
DA:291,4
DA:292,4
DA:295,4
DA:296,4
DA:298,4
DA:299,4
DA:300,0
DA:301,0
DA:318,4
DA:319,4
DA:321,4
DA:322,4
DA:323,4
DA:324,4
DA:326,4
DA:327,0
DA:329,0
DA:330,0
DA:331,0
DA:332,0
DA:339,4
DA:340,4
DA:341,4
DA:343,4
DA:344,0
DA:345,0
DA:366,4
DA:368,4
DA:369,4
DA:370,4
DA:371,4
DA:387,4
DA:389,4
DA:390,4
DA:398,4
DA:400,4
DA:401,4
DA:402,4
DA:403,4
DA:419,4
DA:420,4
DA:421,4
DA:426,4
DA:428,4
DA:429,4
DA:430,4
DA:431,4
DA:447,4
DA:449,4
DA:451,4
DA:453,4
DA:454,4
DA:460,4
DA:462,0
DA:463,0
DA:464,0
DA:467,4
DA:473,4
DA:475,4
DA:476,4
DA:477,4
DA:478,4
DA:497,4
DA:499,4
DA:501,4
DA:502,4
DA:503,8
DA:504,8
DA:506,4
DA:520,4
DA:522,4
DA:523,4
DA:524,4
DA:525,4
DA:526,0
DA:528,0
DA:529,0
DA:530,0
DA:531,0
DA:532,0
DA:533,0
DA:535,0
DA:536,0
DA:538,0
DA:550,4
DA:554,4
DA:555,4
DA:556,4
DA:557,0
DA:570,4
DA:571,4
DA:572,0
DA:575,4
DA:576,4
DA:580,4
DA:581,4
DA:582,4
DA:583,4
DA:588,4
DA:598,4
DA:605,4
DA:612,0
DA:613,0
DA:614,0
DA:615,0
DA:616,0
DA:618,0
DA:619,0
DA:620,0
DA:621,0
DA:622,0
DA:624,0
DA:625,0
DA:630,0
DA:642,4
DA:645,4
DA:648,4
DA:649,4
DA:650,0
DA:651,0
DA:652,0
DA:653,0
DA:654,0
DA:655,0
DA:662,4
DA:663,4
DA:665,4
DA:666,4
DA:667,4
DA:668,4
DA:669,0
DA:680,0
DA:682,0
DA:683,0
DA:684,0
DA:685,0
DA:686,0
DA:688,0
DA:690,0
DA:691,0
DA:692,0
DA:693,0
DA:694,0
DA:695,0
DA:696,0
DA:697,0
DA:698,0
DA:699,0
DA:701,0
DA:702,0
DA:703,0
DA:704,0
DA:706,0
DA:718,4
DA:719,4
DA:720,4
DA:721,4
DA:723,4
DA:724,4
LF:255
LH:129
end_of_record
SF:lib/Utility/MySharedPreferences.dart
DA:5,8
DA:7,16
DA:8,8
DA:10,2
DA:11,2
DA:12,1
DA:14,1
DA:15,1
DA:16,1
DA:18,0
DA:19,0
DA:20,0
DA:22,0
DA:23,0
DA:24,0
DA:27,0
DA:28,0
DA:29,0
DA:31,0
DA:32,0
DA:33,0
DA:35,0
DA:36,0
DA:37,0
DA:40,0
DA:41,0
DA:42,0
DA:45,7
DA:46,7
DA:47,1
DA:49,0
DA:50,0
DA:51,0
DA:54,0
DA:55,0
DA:56,0
DA:59,0
DA:60,0
DA:61,0
DA:64,0
DA:65,0
DA:66,0
LF:42
LH:12
end_of_record
SF:lib/AppStation/Protect/api_call/actionTakenApiCall.dart
DA:16,1
DA:18,0
DA:19,0
DA:21,0
DA:23,0
DA:24,0
DA:25,0
DA:28,0
DA:29,0
DA:30,0
DA:36,1
DA:37,1
DA:39,1
DA:41,2
DA:42,3
DA:43,1
DA:46,2
DA:47,1
DA:48,1
DA:49,2
LF:20
LH:11
end_of_record
SF:lib/AppStation/Protect/models/CProtect.dart
DA:3,0
DA:4,0
DA:6,0
DA:7,0
DA:26,2
DA:44,0
DA:45,0
DA:46,0
DA:47,0
DA:48,0
DA:49,0
DA:50,0
DA:51,0
DA:52,0
DA:53,0
DA:54,0
DA:55,0
DA:56,0
DA:57,0
DA:58,0
DA:61,0
DA:62,0
DA:63,0
DA:64,0
DA:65,0
DA:66,0
DA:67,0
DA:68,0
DA:69,0
DA:70,0
DA:71,0
DA:72,0
DA:73,0
DA:74,0
DA:75,0
LF:35
LH:1
end_of_record
SF:lib/AppStation/Protect/sort/action_taken_sort_popup.dart
DA:10,47
DA:12,1
DA:13,1
DA:18,1
DA:20,0
DA:21,0
DA:22,0
DA:23,0
DA:26,0
DA:27,0
DA:28,0
DA:29,0
DA:34,1
DA:36,1
DA:40,1
DA:42,1
DA:44,1
DA:47,1
DA:50,1
DA:51,1
DA:53,1
DA:60,1
DA:66,1
DA:67,0
DA:68,0
DA:85,1
DA:88,1
DA:89,0
DA:90,0
DA:91,0
DA:92,0
DA:93,0
DA:96,1
DA:99,1
DA:100,0
DA:101,0
DA:102,0
DA:103,0
DA:104,0
DA:107,1
DA:110,1
DA:111,0
DA:112,0
DA:113,0
DA:114,0
DA:115,0
DA:118,1
DA:121,1
DA:122,0
DA:123,0
DA:124,0
DA:125,0
DA:126,0
DA:129,1
DA:130,1
DA:131,0
DA:132,0
DA:134,1
DA:135,1
LF:59
LH:27
end_of_record
SF:lib/AppStation/Protect/Incident_report/incident_form_view.dart
DA:9,2
DA:11,0
DA:12,0
DA:20,0
DA:23,0
DA:25,0
DA:26,0
DA:27,0
DA:32,0
DA:34,0
DA:37,0
DA:38,0
DA:40,0
DA:42,0
DA:51,0
DA:54,0
DA:57,0
DA:58,0
DA:59,0
DA:65,0
DA:67,0
DA:69,0
DA:70,0
DA:72,0
DA:73,0
DA:75,0
DA:76,0
DA:79,0
DA:81,0
DA:83,0
DA:86,0
DA:87,0
DA:90,0
DA:94,0
DA:96,0
DA:97,0
DA:99,0
DA:100,0
DA:103,0
DA:105,0
DA:107,0
DA:110,0
DA:111,0
DA:114,0
DA:118,0
DA:120,0
DA:121,0
DA:123,0
DA:124,0
DA:127,0
DA:129,0
DA:131,0
DA:134,0
DA:136,0
DA:137,0
DA:140,0
DA:145,0
DA:148,0
DA:149,0
DA:151,0
DA:152,0
DA:155,0
DA:158,0
DA:159,0
DA:162,0
DA:179,0
DA:182,0
DA:185,0
DA:186,0
DA:187,0
DA:193,0
DA:195,0
DA:197,0
DA:198,0
DA:200,0
DA:201,0
DA:203,0
DA:204,0
DA:207,0
DA:209,0
DA:211,0
DA:214,0
DA:215,0
DA:218,0
DA:222,0
DA:224,0
DA:225,0
DA:227,0
DA:228,0
DA:231,0
DA:233,0
DA:235,0
DA:238,0
DA:239,0
DA:242,0
DA:258,0
DA:259,0
DA:262,0
DA:265,0
DA:266,0
DA:267,0
DA:273,0
DA:275,0
DA:277,0
DA:278,0
DA:279,0
DA:280,0
DA:281,0
DA:282,0
DA:285,0
DA:288,0
DA:291,0
DA:292,0
DA:296,0
DA:297,0
DA:298,0
DA:302,0
DA:303,0
DA:307,0
DA:309,0
DA:310,0
DA:312,0
DA:313,0
DA:316,0
DA:318,0
DA:320,0
DA:323,0
DA:325,0
DA:326,0
DA:329,0
DA:334,0
DA:336,0
DA:337,0
DA:339,0
DA:340,0
DA:343,0
DA:345,0
DA:347,0
DA:350,0
DA:352,0
DA:353,0
DA:356,0
DA:361,0
DA:363,0
DA:364,0
DA:366,0
DA:367,0
DA:370,0
DA:372,0
DA:374,0
DA:377,0
DA:378,0
DA:381,0
DA:385,0
DA:387,0
DA:388,0
DA:390,0
DA:391,0
DA:394,0
DA:396,0
DA:398,0
DA:401,0
DA:402,0
DA:405,0
DA:414,0
DA:416,0
DA:419,0
DA:422,0
DA:428,0
DA:429,0
DA:432,0
DA:433,0
DA:440,0
DA:441,0
LF:174
LH:1
end_of_record
SF:lib/AppStation/Protect/Incident_report/incident_history.dart
DA:17,2
DA:19,0
DA:20,0
DA:31,0
DA:33,0
DA:35,0
DA:36,0
DA:40,0
DA:41,0
DA:42,0
DA:43,0
DA:44,0
DA:45,0
DA:47,0
DA:48,0
DA:50,0
DA:51,0
DA:53,0
DA:54,0
DA:56,0
DA:57,0
DA:59,0
DA:60,0
DA:62,0
DA:63,0
DA:65,0
DA:67,0
DA:68,0
DA:72,0
DA:74,0
DA:77,0
DA:83,0
DA:85,0
DA:88,0
DA:90,0
DA:91,0
DA:92,0
DA:93,0
DA:94,0
DA:96,0
DA:99,0
DA:100,0
DA:101,0
DA:104,0
DA:105,0
DA:106,0
DA:114,0
DA:115,0
DA:116,0
DA:117,0
DA:120,0
DA:121,0
DA:122,0
DA:123,0
DA:124,0
DA:125,0
DA:126,0
DA:128,0
DA:129,0
DA:130,0
DA:131,0
DA:132,0
DA:135,0
DA:136,0
DA:137,0
DA:138,0
DA:140,0
DA:141,0
DA:142,0
DA:143,0
DA:152,0
DA:153,0
DA:155,0
DA:157,0
DA:159,0
DA:164,0
DA:167,0
DA:175,0
DA:176,0
DA:177,0
DA:180,0
DA:183,0
DA:184,0
DA:185,0
DA:191,0
DA:193,0
DA:195,0
DA:196,0
DA:197,0
DA:198,0
DA:201,0
DA:202,0
DA:204,0
DA:205,0
DA:208,0
DA:211,0
DA:212,0
DA:215,0
DA:219,0
DA:222,0
DA:223,0
DA:225,0
DA:226,0
DA:229,0
DA:233,0
DA:234,0
DA:237,0
DA:241,0
DA:244,0
DA:249,0
DA:250,0
DA:251,0
DA:255,0
DA:257,0
DA:263,0
DA:265,0
DA:266,0
DA:268,0
DA:269,0
DA:271,0
DA:272,0
DA:275,0
DA:277,0
DA:279,0
DA:282,0
DA:283,0
DA:286,0
DA:290,0
DA:292,0
DA:293,0
DA:295,0
DA:296,0
DA:299,0
DA:301,0
DA:303,0
DA:306,0
DA:308,0
DA:309,0
DA:312,0
DA:317,0
DA:319,0
DA:320,0
DA:322,0
DA:323,0
DA:326,0
DA:328,0
DA:330,0
DA:333,0
DA:335,0
DA:336,0
DA:339,0
DA:351,0
DA:357,0
DA:358,0
DA:359,0
DA:360,0
DA:361,0
DA:362,0
DA:364,0
DA:367,0
DA:368,0
DA:369,0
DA:370,0
DA:371,0
DA:372,0
DA:373,0
DA:374,0
DA:375,0
DA:376,0
DA:377,0
DA:378,0
DA:380,0
DA:383,0
DA:384,0
DA:385,0
DA:389,0
DA:390,0
DA:391,0
DA:396,0
DA:398,0
DA:401,0
DA:404,0
DA:408,0
DA:410,0
DA:413,0
DA:416,0
DA:419,0
DA:424,0
DA:425,0
DA:426,0
DA:428,0
DA:432,0
DA:433,0
LF:193
LH:1
end_of_record
SF:lib/AppStation/Protect/Incident_report/inbox.dart
DA:17,27
DA:19,4
DA:20,4
DA:31,4
DA:33,4
DA:34,4
DA:35,4
DA:36,4
DA:37,0
DA:38,0
DA:39,0
DA:40,0
DA:45,0
DA:46,0
DA:47,0
DA:48,0
DA:49,0
DA:50,0
DA:52,0
DA:53,0
DA:55,0
DA:56,0
DA:58,0
DA:59,0
DA:61,0
DA:62,0
DA:64,0
DA:65,0
DA:67,0
DA:68,0
DA:70,0
DA:71,0
DA:73,0
DA:74,0
DA:76,0
DA:77,0
DA:79,0
DA:80,0
DA:82,0
DA:83,0
DA:85,0
DA:86,0
DA:88,0
DA:89,0
DA:91,0
DA:93,0
DA:94,0
DA:99,4
DA:101,4
DA:102,4
DA:104,4
DA:105,4
DA:107,0
DA:119,4
DA:120,4
DA:121,4
DA:122,4
DA:123,4
DA:124,4
DA:126,4
DA:129,4
DA:130,4
DA:131,4
DA:134,4
DA:135,4
DA:136,8
DA:144,4
DA:145,0
DA:146,0
DA:147,0
DA:150,0
DA:151,0
DA:152,0
DA:153,0
DA:154,0
DA:155,0
DA:156,0
DA:158,0
DA:159,0
DA:160,0
DA:161,0
DA:162,0
DA:165,0
DA:166,0
DA:167,0
DA:168,0
DA:170,0
DA:171,0
DA:172,0
DA:173,0
DA:182,0
DA:183,0
DA:185,4
DA:187,4
DA:190,4
DA:206,4
DA:207,8
DA:208,0
DA:209,0
DA:210,0
DA:211,0
DA:213,12
DA:218,0
DA:219,0
DA:220,0
DA:221,0
DA:222,0
DA:223,0
DA:224,0
DA:225,0
DA:226,0
DA:227,0
DA:228,0
DA:229,0
DA:230,0
DA:231,0
DA:232,0
DA:233,0
DA:236,0
DA:237,0
DA:238,0
DA:242,0
DA:243,0
DA:244,0
DA:250,0
DA:251,0
DA:252,0
DA:256,0
DA:259,0
DA:260,0
DA:261,0
DA:267,0
DA:269,0
DA:271,0
DA:272,0
DA:273,0
DA:274,0
DA:275,0
DA:276,0
DA:279,0
DA:282,0
DA:285,0
DA:286,0
DA:290,0
DA:291,0
DA:292,0
DA:296,0
DA:297,0
DA:301,0
DA:304,0
DA:305,0
DA:306,0
DA:309,0
DA:310,0
DA:311,0
DA:314,0
DA:315,0
DA:317,0
DA:318,0
DA:321,0
DA:324,0
DA:325,0
DA:328,0
DA:332,0
DA:335,0
DA:336,0
DA:338,0
DA:339,0
DA:342,0
DA:346,0
DA:348,0
DA:349,0
DA:352,0
DA:369,0
DA:371,0
DA:372,0
DA:374,0
DA:375,0
DA:378,0
DA:380,0
DA:382,0
DA:385,0
DA:386,0
DA:389,0
DA:393,0
DA:395,0
DA:396,0
DA:398,0
DA:399,0
DA:402,0
DA:404,0
DA:406,0
DA:409,0
DA:411,0
DA:412,0
DA:415,0
DA:420,0
DA:422,0
DA:423,0
DA:425,0
DA:426,0
DA:429,0
DA:431,0
DA:433,0
DA:436,0
DA:438,0
DA:439,0
DA:442,0
DA:450,0
DA:452,0
DA:459,0
DA:460,0
DA:461,0
DA:464,0
DA:467,0
DA:471,0
DA:472,0
DA:473,0
DA:474,0
DA:477,0
DA:481,0
DA:482,0
DA:483,0
DA:484,0
DA:496,0
DA:502,0
DA:504,0
DA:507,0
DA:510,0
DA:516,0
DA:517,0
DA:520,0
DA:521,0
DA:528,0
DA:529,0
LF:235
LH:33
end_of_record
SF:lib/AppStation/Protect/api_call/incidentHistoryApiCall.dart
DA:12,1
DA:14,0
DA:15,0
DA:19,0
DA:20,0
DA:21,0
DA:24,0
DA:25,0
DA:26,0
DA:30,1
DA:31,1
DA:35,2
DA:36,3
DA:37,1
DA:40,2
DA:41,1
DA:42,1
DA:43,2
LF:18
LH:10
end_of_record
SF:lib/AppStation/Protect/models/CIrmHistory.dart
DA:3,0
DA:4,0
DA:6,0
DA:7,0
DA:21,0
DA:34,0
DA:36,0
DA:37,0
DA:38,0
DA:39,0
DA:40,0
DA:41,0
DA:42,0
DA:46,0
DA:48,0
DA:49,0
DA:50,0
DA:51,0
DA:52,0
DA:53,0
DA:54,0
LF:21
LH:0
end_of_record
SF:lib/AppStation/Protect/sort/incident_history_sort_popup.dart
DA:10,24
DA:12,1
DA:13,1
DA:18,1
DA:20,0
DA:21,0
DA:22,0
DA:23,0
DA:26,0
DA:27,0
DA:28,0
DA:29,0
DA:34,1
DA:36,1
DA:40,1
DA:42,1
DA:44,1
DA:47,1
DA:50,1
DA:51,1
DA:53,1
DA:60,1
DA:66,1
DA:67,0
DA:68,0
DA:85,1
DA:88,1
DA:89,0
DA:90,0
DA:91,0
DA:92,0
DA:93,0
DA:96,1
DA:99,1
DA:100,0
DA:101,0
DA:102,0
DA:103,0
DA:104,0
DA:107,1
DA:110,1
DA:111,0
DA:112,0
DA:113,0
DA:114,0
DA:115,0
DA:118,1
DA:121,1
DA:122,0
DA:123,0
DA:124,0
DA:125,0
DA:126,0
DA:129,1
DA:130,1
DA:131,0
DA:132,0
DA:134,1
DA:135,1
LF:59
LH:27
end_of_record
SF:lib/AppStation/Protect/Incident_report/incident_tabview_screen.dart
DA:11,2
DA:13,2
DA:15,2
DA:16,0
DA:17,2
DA:18,2
DA:19,2
DA:21,2
DA:22,2
DA:24,2
DA:26,0
DA:27,0
DA:55,0
DA:56,0
DA:59,0
DA:64,0
DA:65,0
DA:68,0
DA:69,0
DA:71,0
DA:72,0
DA:75,0
DA:76,0
DA:77,0
DA:79,0
DA:80,0
LF:26
LH:9
end_of_record
SF:lib/AppStation/Protect/ProtectOnboardScreen.dart
DA:21,4
DA:23,2
DA:24,2
DA:34,2
DA:35,2
DA:36,2
DA:37,2
DA:38,2
DA:39,2
DA:40,2
DA:41,2
DA:42,2
DA:43,0
DA:48,2
DA:50,2
DA:53,2
DA:59,2
DA:60,2
DA:61,0
DA:64,2
DA:65,2
DA:71,0
DA:72,0
DA:73,0
DA:80,2
DA:82,2
DA:83,2
DA:86,2
DA:91,2
DA:92,2
DA:93,2
DA:94,2
DA:96,2
DA:106,2
DA:107,2
DA:108,2
DA:110,2
DA:111,0
DA:112,0
DA:125,2
DA:126,2
DA:127,2
DA:129,2
DA:130,0
DA:131,0
DA:150,2
DA:151,2
DA:154,2
DA:156,0
DA:157,0
DA:159,2
DA:160,2
DA:163,2
DA:165,2
DA:166,2
DA:167,2
DA:168,10
DA:171,2
DA:173,0
DA:191,2
DA:193,2
DA:198,2
DA:200,2
DA:201,2
DA:202,2
DA:206,2
DA:211,8
DA:213,2
DA:215,0
DA:216,0
DA:219,2
DA:220,2
DA:223,2
DA:225,2
DA:226,2
DA:227,2
DA:228,10
DA:231,2
DA:233,0
DA:245,2
DA:246,2
DA:249,2
DA:254,8
DA:256,2
DA:257,0
DA:258,0
DA:260,2
DA:261,2
DA:264,2
DA:266,2
DA:267,2
DA:268,2
DA:269,10
DA:272,2
DA:274,0
DA:285,2
DA:286,2
DA:289,2
DA:294,8
DA:296,2
DA:297,0
DA:300,2
DA:301,2
DA:304,2
DA:306,2
DA:307,2
DA:308,2
DA:309,10
DA:312,2
DA:314,0
DA:332,2
DA:334,2
DA:337,2
DA:339,2
DA:341,2
DA:342,2
DA:348,2
DA:362,2
DA:365,2
DA:367,2
DA:368,2
DA:369,2
DA:370,0
DA:371,0
DA:381,2
DA:382,0
DA:383,0
DA:393,2
DA:394,2
DA:395,0
DA:396,0
DA:398,2
DA:399,2
DA:402,2
DA:404,2
DA:405,2
DA:406,6
DA:425,0
DA:426,0
DA:430,0
DA:431,0
DA:434,0
DA:436,0
DA:437,0
DA:439,0
DA:440,0
DA:443,0
DA:444,0
DA:445,0
DA:446,0
DA:447,0
DA:452,0
DA:457,2
DA:458,2
DA:459,0
LF:155
LH:113
end_of_record
SF:lib/AppStation/Protect/api_call/myIrApiCall.dart
DA:15,1
DA:17,0
DA:18,0
DA:20,0
DA:22,0
DA:23,0
DA:24,0
DA:26,0
DA:27,0
DA:28,0
DA:32,1
DA:33,1
DA:35,1
DA:37,2
DA:38,3
DA:39,1
DA:41,2
DA:42,1
DA:43,1
DA:44,2
LF:20
LH:11
end_of_record
SF:lib/AppStation/Protect/sort/myir_sort_popup.dart
DA:10,24
DA:12,1
DA:13,1
DA:18,1
DA:20,0
DA:21,0
DA:22,0
DA:23,0
DA:26,0
DA:27,0
DA:28,0
DA:29,0
DA:34,1
DA:36,1
DA:40,1
DA:42,1
DA:44,1
DA:47,1
DA:50,1
DA:51,1
DA:53,1
DA:60,1
DA:66,1
DA:67,0
DA:69,0
DA:86,1
DA:89,1
DA:90,0
DA:91,0
DA:92,0
DA:93,0
DA:94,0
DA:97,1
DA:100,1
DA:101,0
DA:102,0
DA:103,0
DA:104,0
DA:105,0
DA:108,1
DA:111,1
DA:112,0
DA:113,0
DA:114,0
DA:115,0
DA:116,0
DA:119,1
DA:122,1
DA:123,0
DA:124,0
DA:125,0
DA:126,0
DA:127,0
DA:130,1
DA:131,1
DA:132,0
DA:133,0
DA:135,1
DA:136,1
LF:59
LH:27
end_of_record
SF:lib/AppStation/Protect/Incident_report/outbox.dart
DA:17,25
DA:19,2
DA:20,2
DA:29,2
DA:31,2
DA:32,2
DA:33,2
DA:34,2
DA:35,0
DA:36,0
DA:37,0
DA:38,0
DA:43,0
DA:44,0
DA:45,0
DA:46,0
DA:47,0
DA:48,0
DA:50,0
DA:51,0
DA:53,0
DA:54,0
DA:56,0
DA:57,0
DA:59,0
DA:60,0
DA:62,0
DA:63,0
DA:65,0
DA:66,0
DA:68,0
DA:69,0
DA:71,0
DA:72,0
DA:74,0
DA:75,0
DA:77,0
DA:78,0
DA:80,0
DA:81,0
DA:83,0
DA:84,0
DA:86,0
DA:87,0
DA:89,0
DA:91,0
DA:92,0
DA:96,2
DA:98,2
DA:99,2
DA:100,2
DA:101,2
DA:103,0
DA:115,2
DA:116,2
DA:117,2
DA:118,2
DA:119,2
DA:120,2
DA:123,2
DA:126,2
DA:127,2
DA:128,2
DA:132,2
DA:133,2
DA:135,4
DA:144,2
DA:145,0
DA:146,0
DA:147,0
DA:150,0
DA:152,0
DA:153,0
DA:154,0
DA:155,0
DA:156,0
DA:157,0
DA:159,0
DA:160,0
DA:161,0
DA:162,0
DA:163,0
DA:166,0
DA:167,0
DA:168,0
DA:169,0
DA:170,0
DA:172,0
DA:173,0
DA:174,0
DA:175,0
DA:176,0
DA:186,0
DA:187,0
DA:189,2
DA:191,2
DA:194,2
DA:203,0
DA:204,0
DA:205,0
DA:206,0
DA:207,0
DA:208,0
DA:209,0
DA:210,0
DA:211,0
DA:212,0
DA:213,0
DA:214,0
DA:215,0
DA:216,0
DA:217,0
DA:219,0
DA:222,0
DA:223,0
DA:224,0
DA:228,0
DA:229,0
DA:230,0
DA:235,0
DA:236,0
DA:237,0
DA:241,0
DA:244,0
DA:245,0
DA:246,0
DA:252,0
DA:254,0
DA:256,0
DA:257,0
DA:258,0
DA:259,0
DA:260,0
DA:261,0
DA:264,0
DA:268,0
DA:271,0
DA:272,0
DA:276,0
DA:277,0
DA:278,0
DA:282,0
DA:283,0
DA:287,0
DA:288,0
DA:294,0
DA:295,0
DA:296,0
DA:298,0
DA:299,0
DA:300,0
DA:301,0
DA:304,0
DA:305,0
DA:307,0
DA:309,0
DA:312,0
DA:319,0
DA:320,0
DA:321,0
DA:324,0
DA:332,0
DA:335,0
DA:336,0
DA:338,0
DA:340,0
DA:343,0
DA:350,0
DA:352,0
DA:353,0
DA:354,0
DA:357,0
DA:383,0
DA:385,0
DA:386,0
DA:388,0
DA:390,0
DA:393,0
DA:397,0
DA:399,0
DA:400,0
DA:406,0
DA:407,0
DA:408,0
DA:411,0
DA:419,0
DA:421,0
DA:422,0
DA:424,0
DA:426,0
DA:429,0
DA:433,0
DA:435,0
DA:436,0
DA:442,0
DA:444,0
DA:445,0
DA:446,0
DA:449,0
DA:458,0
DA:460,0
DA:461,0
DA:463,0
DA:465,0
DA:468,0
DA:472,0
DA:474,0
DA:475,0
DA:481,0
DA:483,0
DA:484,0
DA:485,0
DA:488,0
DA:505,0
DA:506,0
DA:507,0
DA:510,0
DA:511,0
DA:520,0
DA:529,0
DA:530,0
DA:531,0
DA:539,0
DA:548,0
DA:549,0
DA:550,0
DA:563,0
DA:567,2
DA:568,4
DA:569,0
DA:570,0
DA:571,0
DA:572,0
DA:574,6
DA:577,0
DA:579,0
DA:582,0
DA:585,0
DA:591,0
DA:592,0
DA:595,0
DA:596,0
DA:603,0
DA:604,0
LF:244
LH:33
end_of_record
SF:lib/AppStation/Protect/api_call/pendingActionApiCall.dart
DA:16,1
DA:18,0
DA:19,0
DA:21,0
DA:23,0
DA:24,0
DA:25,0
DA:28,0
DA:29,0
DA:30,0
DA:34,1
DA:35,1
DA:37,1
DA:39,2
DA:40,3
DA:41,1
DA:44,2
DA:45,1
DA:46,1
DA:47,2
LF:20
LH:11
end_of_record
SF:lib/AppStation/Protect/sort/pending_action_sort_popup.dart
DA:10,47
DA:12,1
DA:13,1
DA:18,1
DA:20,0
DA:21,0
DA:22,0
DA:23,0
DA:26,0
DA:27,0
DA:28,0
DA:29,0
DA:34,1
DA:36,1
DA:40,1
DA:42,1
DA:44,1
DA:47,1
DA:50,1
DA:51,1
DA:53,1
DA:60,1
DA:66,1
DA:67,0
DA:68,0
DA:85,1
DA:88,1
DA:89,0
DA:90,0
DA:91,0
DA:92,0
DA:93,0
DA:96,1
DA:99,1
DA:100,0
DA:101,0
DA:102,0
DA:103,0
DA:104,0
DA:107,1
DA:110,1
DA:111,0
DA:112,0
DA:113,0
DA:114,0
DA:115,0
DA:118,1
DA:121,1
DA:122,0
DA:123,0
DA:124,0
DA:125,0
DA:126,0
DA:129,1
DA:130,1
DA:131,0
DA:132,0
DA:134,1
DA:135,1
LF:59
LH:27
end_of_record
SF:lib/AppStation/Protect/api_call/roleMappingtApiCall.dart
DA:14,1
DA:16,0
DA:17,0
DA:18,0
DA:19,0
DA:20,0
DA:21,0
DA:23,0
DA:24,0
DA:26,0
DA:32,1
DA:33,2
DA:34,2
DA:35,2
DA:36,3
DA:37,2
DA:39,1
DA:40,1
DA:42,2
DA:43,1
DA:45,0
LF:21
LH:11
end_of_record
SF:lib/Utility/confirmationDialogBox.dart
DA:13,2
DA:20,2
DA:22,2
DA:24,2
DA:26,2
DA:27,2
DA:28,0
DA:29,0
DA:31,2
DA:32,2
DA:37,2
DA:39,2
DA:40,2
DA:42,2
DA:43,2
DA:45,2
DA:46,2
DA:55,2
DA:58,4
DA:68,2
DA:73,2
DA:74,2
DA:75,2
DA:76,2
DA:77,2
DA:78,2
DA:81,2
DA:82,2
DA:85,2
DA:86,2
DA:87,2
DA:88,2
LF:32
LH:30
end_of_record
SF:lib/Utility/network_error_dialogbox.dart
DA:5,28
DA:9,1
DA:11,1
DA:14,2
DA:15,1
DA:17,1
DA:20,1
DA:46,1
DA:47,1
DA:50,1
DA:51,1
DA:57,0
DA:58,0
LF:13
LH:11
end_of_record
SF:lib/Utility/showDialogBox.dart
DA:8,38
DA:9,0
DA:15,3
DA:17,3
DA:23,3
DA:24,3
DA:27,3
DA:28,3
DA:34,0
DA:35,0
DA:36,0
LF:11
LH:7
end_of_record
SF:lib/Utility/showLoader.dart
DA:7,2
DA:9,2
DA:11,2
DA:13,2
DA:14,2
DA:18,2
LF:6
LH:6
end_of_record
SF:lib/database/database.g.dart
DA:13,6
DA:14,6
DA:19,0
DA:20,0
DA:24,6
DA:33,0
DA:34,0
DA:39,0
DA:40,0
DA:45,6
DA:46,6
DA:47,18
DA:49,5
DA:50,5
DA:52,5
DA:53,5
DA:60,5
DA:61,10
DA:72,5
DA:74,5
DA:76,4
DA:77,4
DA:78,0
DA:80,0
DA:81,0
DA:83,0
DA:84,0
DA:87,0
DA:89,0
DA:98,0
DA:100,0
DA:102,0
DA:104,0
DA:106,0
DA:109,10
DA:115,0
DA:117,0
DA:120,0
DA:122,0
DA:125,0
DA:127,0
DA:130,0
DA:132,0
DA:151,0
DA:152,0
DA:153,0
DA:156,0
DA:158,0
DA:159,0
DA:162,0
DA:165,0
DA:166,0
DA:168,0
DA:169,0
DA:173,0
DA:176,0
DA:177,0
DA:179,0
DA:180,0
DA:185,0
DA:187,0
DA:188,0
DA:189,0
DA:190,0
DA:191,0
DA:192,0
DA:195,0
DA:197,0
DA:198,0
DA:199,0
DA:200,0
DA:201,0
DA:202,0
DA:205,0
DA:207,0
DA:208,0
DA:209,0
DA:210,0
DA:211,0
DA:217,0
DA:219,0
DA:222,0
DA:224,0
DA:227,0
DA:229,0
DA:232,0
DA:234,0
DA:237,0
DA:239,0
DA:242,0
DA:244,0
DA:262,0
DA:263,0
DA:264,0
DA:267,0
DA:269,0
DA:270,0
DA:273,0
DA:276,0
DA:277,0
DA:279,0
DA:280,0
DA:284,0
DA:287,0
DA:288,0
DA:290,0
DA:291,0
DA:296,0
DA:298,0
DA:299,0
DA:300,0
DA:301,0
DA:302,0
DA:303,0
DA:306,0
DA:308,0
DA:309,0
DA:310,0
DA:311,0
DA:312,0
DA:313,0
DA:316,0
DA:318,0
DA:319,0
DA:320,0
DA:321,0
DA:322,0
DA:328,0
DA:330,0
DA:333,0
DA:335,0
DA:338,0
DA:340,0
DA:343,0
DA:345,0
DA:348,0
DA:350,0
DA:353,0
DA:355,0
DA:373,0
DA:374,0
DA:375,0
DA:378,0
DA:380,0
DA:381,0
DA:384,0
DA:387,0
DA:388,0
DA:390,0
DA:391,0
DA:395,0
DA:398,0
DA:399,0
DA:401,0
DA:402,0
DA:407,0
DA:409,0
DA:410,0
DA:411,0
DA:412,0
DA:413,0
DA:414,0
DA:417,0
DA:419,0
DA:420,0
DA:421,0
DA:422,0
DA:423,0
DA:424,0
DA:427,0
DA:429,0
DA:430,0
DA:431,0
DA:432,0
DA:433,0
DA:439,0
DA:441,0
DA:444,0
DA:446,0
DA:449,0
DA:451,0
DA:454,0
DA:456,0
DA:459,0
DA:461,0
DA:464,0
DA:466,0
DA:484,0
DA:485,0
DA:486,0
DA:489,0
DA:491,0
DA:492,0
DA:495,0
DA:498,0
DA:499,0
DA:501,0
DA:502,0
DA:506,0
DA:509,0
DA:510,0
DA:512,0
DA:513,0
DA:518,0
DA:520,0
DA:521,0
DA:522,0
DA:523,0
DA:524,0
DA:525,0
DA:528,0
DA:530,0
DA:531,0
DA:532,0
DA:533,0
DA:534,0
DA:535,0
DA:538,0
DA:540,0
DA:541,0
DA:542,0
DA:543,0
DA:544,0
DA:550,0
DA:552,0
DA:555,0
DA:557,0
DA:560,0
DA:562,0
DA:565,0
DA:567,0
DA:570,0
DA:572,0
DA:575,0
DA:577,0
LF:235
LH:17
end_of_record
SF:lib/database/department/model_department.dart
DA:11,0
DA:17,0
DA:20,0
DA:21,0
DA:22,0
DA:23,0
DA:24,0
DA:26,0
DA:28,0
DA:29,0
DA:30,0
DA:32,0
DA:34,0
LF:13
LH:0
end_of_record
SF:lib/AppStation/Protect/api_call/submitIncidentApiCall.dart
DA:10,1
DA:12,1
DA:13,2
DA:14,2
DA:15,2
DA:16,2
DA:18,1
DA:19,1
DA:20,2
DA:21,1
LF:10
LH:10
end_of_record
SF:lib/AppStation/Protect/Incident_report/uploadFileFromGallary.dart
DA:11,0
DA:13,0
DA:14,0
DA:15,0
DA:16,0
DA:18,0
DA:19,0
DA:20,0
DA:26,0
DA:27,0
DA:28,0
DA:29,0
DA:30,0
DA:31,0
LF:14
LH:0
end_of_record
SF:lib/Screens/components/custom_circular_indicator.dart
DA:16,4
DA:24,2
DA:25,2
DA:27,2
DA:29,2
DA:30,2
DA:31,4
DA:35,2
DA:37,2
DA:38,2
DA:39,2
DA:41,4
DA:49,2
DA:50,2
DA:51,2
DA:52,2
DA:53,2
DA:54,2
DA:55,2
DA:57,0
DA:58,0
DA:59,0
DA:60,0
DA:61,0
DA:62,0
LF:25
LH:19
end_of_record
SF:lib/Screens/components/round_icon_button.dart
DA:12,2
DA:20,2
DA:22,2
DA:24,2
DA:25,2
DA:26,2
DA:27,2
DA:28,2
DA:29,2
DA:30,2
DA:33,2
DA:34,2
DA:35,2
LF:13
LH:13
end_of_record
SF:lib/Screens/home/widgets/visited_doctor_list_item.dart
DA:7,27
DA:10,2
DA:11,2
DA:13,2
DA:19,2
DA:20,2
DA:35,2
DA:36,2
DA:38,2
DA:39,2
DA:43,2
LF:11
LH:11
end_of_record
SF:lib/Utility/OptionRadio.dart
DA:12,1
DA:17,1
DA:19,1
DA:21,1
LF:4
LH:4
end_of_record
SF:lib/Screens/profile/profile_dashboard.dart
DA:9,2
DA:11,2
DA:12,2
DA:16,2
DA:18,2
DA:19,2
DA:20,2
DA:25,2
DA:27,0
DA:29,2
DA:30,2
DA:31,0
DA:32,0
DA:33,0
DA:41,2
DA:43,2
DA:44,2
DA:45,2
DA:47,2
DA:48,2
DA:49,2
DA:52,2
DA:53,2
DA:54,2
DA:56,2
DA:57,0
DA:58,0
DA:73,2
DA:76,2
DA:77,2
DA:78,2
DA:79,2
DA:80,2
DA:81,0
DA:82,0
DA:95,2
DA:96,2
DA:97,2
DA:99,2
DA:100,0
DA:101,0
DA:120,2
DA:122,2
DA:127,2
DA:128,2
DA:129,2
DA:130,2
DA:131,2
DA:132,0
DA:133,0
DA:148,2
DA:150,2
DA:154,2
DA:155,2
DA:156,2
DA:157,2
DA:158,2
DA:159,0
DA:160,0
DA:175,2
DA:177,2
DA:181,2
DA:182,2
DA:183,2
DA:184,2
DA:185,2
DA:186,0
DA:187,0
DA:202,2
DA:204,2
DA:208,2
DA:209,2
DA:210,2
DA:211,2
DA:212,2
DA:213,0
DA:214,0
DA:229,2
DA:231,2
DA:243,2
DA:244,2
DA:245,0
LF:82
LH:63
end_of_record
SF:lib/Screens/profile/update_profile.dart
DA:22,31
DA:24,4
DA:25,4
DA:53,4
DA:55,4
DA:56,8
DA:57,4
DA:58,8
DA:59,4
DA:60,8
DA:61,4
DA:62,8
DA:63,4
DA:89,4
DA:91,4
DA:92,4
DA:93,4
DA:104,4
DA:107,0
DA:110,4
DA:111,4
DA:112,4
DA:115,4
DA:117,4
DA:119,4
DA:120,4
DA:139,0
DA:140,0
DA:141,0
DA:142,0
DA:143,0
DA:144,0
DA:145,0
DA:146,0
DA:147,0
DA:148,0
DA:149,0
DA:152,0
DA:153,0
DA:154,0
DA:158,0
DA:159,0
DA:160,0
DA:161,0
DA:162,0
DA:166,0
DA:169,0
DA:171,0
DA:172,0
DA:173,0
DA:176,0
DA:177,0
DA:179,0
DA:180,0
DA:181,0
DA:198,4
DA:199,4
DA:200,4
DA:202,4
DA:212,4
DA:219,4
DA:226,4
DA:233,4
DA:239,4
DA:241,4
DA:242,4
DA:243,0
DA:244,0
DA:246,0
DA:247,0
DA:248,0
DA:249,0
DA:254,4
DA:255,4
DA:256,4
DA:264,4
DA:267,8
DA:268,0
DA:269,4
DA:270,4
DA:272,10
DA:274,0
DA:281,4
DA:282,4
DA:283,4
DA:284,4
DA:286,8
DA:291,4
DA:292,4
DA:295,4
DA:296,4
DA:297,0
DA:298,0
DA:299,0
DA:300,0
DA:301,0
DA:302,0
DA:303,0
DA:310,4
DA:311,4
DA:312,4
DA:313,4
DA:314,4
DA:315,4
DA:316,0
DA:327,0
DA:329,0
DA:330,0
DA:331,0
DA:332,0
DA:333,0
DA:335,0
DA:345,4
DA:346,4
DA:347,4
DA:348,4
DA:350,4
DA:351,4
DA:356,4
DA:358,4
DA:359,4
DA:360,0
DA:361,0
DA:363,0
DA:364,0
DA:365,0
DA:366,0
DA:367,0
DA:373,4
DA:374,4
DA:375,4
DA:383,4
DA:386,8
DA:387,0
DA:388,4
DA:389,4
DA:390,10
DA:392,0
DA:399,4
DA:400,4
DA:401,4
DA:402,4
DA:404,4
DA:405,4
DA:410,4
DA:412,4
DA:413,4
DA:414,0
DA:415,0
DA:417,0
DA:418,0
DA:419,0
DA:420,0
DA:425,4
DA:426,4
DA:427,4
DA:435,4
DA:438,8
DA:439,0
DA:440,4
DA:441,4
DA:442,8
DA:444,0
DA:451,4
DA:452,4
DA:453,4
DA:454,4
DA:456,8
DA:461,0
DA:462,0
DA:463,0
DA:469,1
DA:470,1
DA:471,1
DA:473,1
DA:477,2
DA:478,3
DA:484,1
DA:485,1
DA:486,1
DA:488,1
DA:492,2
DA:493,3
DA:499,1
DA:500,1
DA:501,1
DA:503,1
DA:507,2
DA:508,3
DA:514,1
DA:515,1
DA:516,1
DA:518,1
DA:522,2
DA:523,3
DA:536,0
DA:544,0
DA:545,0
DA:546,0
DA:547,0
DA:548,0
DA:549,0
LF:202
LH:122
end_of_record
SF:lib/Screens/profile/upateprofileApCall.dart
DA:13,1
DA:15,1
DA:16,2
DA:17,2
DA:18,2
DA:19,2
DA:21,1
DA:22,1
DA:23,1
DA:26,0
DA:27,0
DA:28,0
DA:29,0
DA:30,0
DA:31,0
LF:15
LH:9
end_of_record
SF:lib/database/user/model_user.dart
DA:10,0
DA:15,0
DA:18,0
DA:19,0
DA:20,0
DA:21,0
DA:22,0
DA:24,0
DA:26,0
DA:27,0
DA:28,0
DA:30,0
DA:32,0
LF:13
LH:0
end_of_record
SF:lib/database/project/model_project.dart
DA:11,0
DA:16,0
DA:19,0
DA:20,0
DA:21,0
DA:22,0
DA:23,0
DA:25,0
DA:27,0
DA:28,0
DA:29,0
DA:31,0
DA:33,0
LF:13
LH:0
end_of_record
SF:lib/database/sbu/model_sbu.dart
DA:11,0
DA:16,0
DA:19,0
DA:20,0
DA:21,0
DA:22,0
DA:23,0
DA:25,0
DA:27,0
DA:28,0
DA:29,0
DA:31,0
DA:33,0
LF:13
LH:0
end_of_record
SF:lib/Utility/OptionRadioPage.dart
DA:10,1
DA:12,1
DA:14,1
DA:17,1
DA:19,1
DA:20,1
DA:22,0
DA:23,0
DA:25,1
DA:26,1
DA:27,1
DA:28,1
DA:29,2
DA:32,2
DA:33,1
DA:34,1
DA:35,6
DA:40,2
DA:41,2
DA:43,0
DA:44,0
DA:45,0
LF:22
LH:17
end_of_record
SF:lib/Utility/internetConnectivityCheck.dart
DA:8,3
DA:10,3
DA:12,3
DA:13,6
DA:16,0
DA:17,0
DA:19,3
DA:23,6
DA:24,0
DA:31,0
LF:10
LH:6
end_of_record
SF:lib/Screens/notification/notification_sort_popup.dart
DA:8,4
DA:10,1
DA:11,1
DA:17,1
DA:19,0
DA:20,0
DA:21,0
DA:22,0
DA:25,0
DA:26,0
DA:27,0
DA:28,0
DA:33,1
DA:35,1
DA:39,1
DA:41,1
DA:43,1
DA:46,1
DA:49,1
DA:50,1
DA:52,1
DA:59,1
DA:65,1
DA:66,0
DA:68,0
DA:85,1
DA:88,1
DA:89,0
DA:90,0
DA:91,0
DA:92,0
DA:93,0
DA:96,1
DA:99,1
DA:100,0
DA:101,0
DA:102,0
DA:103,0
DA:104,0
DA:107,1
DA:110,1
DA:111,0
DA:112,0
DA:113,0
DA:114,0
DA:115,0
DA:119,1
DA:120,1
DA:121,0
DA:122,0
DA:124,1
DA:125,1
LF:52
LH:25
end_of_record
SF:lib/AppStation/Protect/DescriptionFieldValidator.dart
DA:2,1
DA:3,1
DA:7,0
DA:9,0
DA:16,1
DA:17,2
LF:6
LH:4
end_of_record
SF:lib/Screens/notification/notification.dart
DA:14,6
DA:16,3
DA:17,3
DA:27,3
DA:28,3
DA:29,3
DA:30,3
DA:31,3
DA:32,0
DA:33,0
DA:34,0
DA:35,0
DA:40,0
DA:41,0
DA:42,0
DA:43,0
DA:44,0
DA:45,0
DA:47,0
DA:48,0
DA:50,0
DA:51,0
DA:53,0
DA:54,0
DA:56,0
DA:57,0
DA:59,0
DA:60,0
DA:63,0
DA:65,0
DA:66,0
DA:70,3
DA:72,3
DA:73,3
DA:75,3
DA:78,3
DA:80,0
DA:82,3
DA:83,3
DA:84,3
DA:88,3
DA:89,3
DA:90,3
DA:93,3
DA:94,3
DA:95,3
DA:97,3
DA:98,0
DA:99,0
DA:119,3
DA:120,3
DA:121,3
DA:123,3
DA:124,0
DA:125,0
DA:127,0
DA:128,0
DA:129,0
DA:130,0
DA:141,3
DA:142,3
DA:143,3
DA:144,3
DA:145,3
DA:146,3
DA:148,3
DA:151,3
DA:152,3
DA:153,3
DA:156,3
DA:157,3
DA:158,6
DA:166,3
DA:167,0
DA:168,0
DA:169,0
DA:172,0
DA:174,0
DA:175,0
DA:176,0
DA:177,0
DA:178,0
DA:179,0
DA:181,0
DA:182,0
DA:183,0
DA:184,0
DA:185,0
DA:188,0
DA:189,0
DA:190,0
DA:191,0
DA:192,0
DA:200,0
DA:201,0
DA:203,3
DA:205,3
DA:207,3
DA:209,6
DA:210,0
DA:211,0
DA:222,0
DA:223,0
DA:224,0
DA:229,0
DA:236,0
DA:239,0
DA:241,0
DA:244,0
DA:245,0
DA:246,0
DA:253,0
DA:259,0
DA:260,0
DA:261,0
DA:262,0
DA:264,0
DA:275,0
DA:279,3
DA:280,3
DA:281,0
DA:284,0
DA:285,0
DA:289,0
DA:291,0
DA:297,0
DA:298,0
DA:299,0
DA:300,0
DA:301,0
DA:302,0
DA:303,0
DA:304,0
DA:305,0
DA:306,0
DA:307,0
DA:308,0
DA:310,0
DA:313,0
DA:314,0
DA:315,0
DA:319,0
DA:320,0
DA:321,0
LF:144
LH:47
end_of_record
SF:lib/Screens/notification/CNotification.dart
DA:3,0
DA:4,0
DA:6,0
DA:7,0
DA:19,0
DA:30,0
DA:31,0
DA:32,0
DA:33,0
DA:34,0
DA:35,0
DA:36,0
DA:40,0
DA:41,0
DA:42,0
DA:43,0
DA:44,0
DA:45,0
DA:46,0
LF:19
LH:0
end_of_record
SF:lib/Screens/notification/notificationApiCall.dart
DA:16,0
DA:18,0
DA:19,0
DA:21,0
DA:23,0
DA:24,0
DA:25,0
DA:27,0
DA:28,0
DA:29,0
LF:10
LH:0
end_of_record
SF:lib/Screens/profile/MobileNoFieldValidator.dart
DA:2,1
DA:3,1
DA:7,0
DA:8,0
LF:4
LH:2
end_of_record
SF:lib/Screens/login/FieldValidator.dart
DA:2,1
DA:3,1
DA:7,0
DA:9,0
LF:4
LH:2
end_of_record
SF:lib/Utility/MyHttpOverrides.dart
DA:4,9
DA:6,9
DA:7,9
LF:3
LH:3
end_of_record
SF:lib/Screens/otp_verification/OTPVerifyApiCall.dart
DA:12,1
DA:14,1
DA:15,2
DA:16,2
DA:17,5
DA:18,2
DA:19,1
DA:20,1
DA:21,1
LF:9
LH:9
end_of_record
SF:lib/Screens/login/loginApiCall.dart
DA:11,1
DA:13,1
DA:14,1
DA:15,2
DA:16,4
DA:17,2
DA:18,1
DA:19,1
DA:23,1
DA:24,1
DA:25,1
DA:26,2
DA:27,2
DA:28,1
DA:29,0
DA:32,4
DA:33,2
DA:34,1
DA:35,2
DA:36,1
DA:37,2
DA:38,1
DA:39,2
DA:40,1
DA:41,2
DA:42,1
DA:43,2
DA:44,1
DA:45,2
DA:46,1
DA:47,2
DA:48,1
DA:49,2
DA:50,1
DA:51,2
DA:52,1
DA:53,2
DA:54,1
DA:55,2
DA:56,1
DA:57,2
DA:58,1
DA:59,2
DA:60,1
DA:61,2
DA:62,1
DA:63,2
DA:64,1
DA:65,2
DA:68,1
DA:75,1
DA:76,1
DA:77,2
DA:78,4
DA:79,2
DA:80,1
DA:81,1
DA:82,2
LF:58
LH:57
end_of_record
SF:lib/AppStation/AppStationDashBoard.dart
DA:13,4
DA:15,2
DA:16,2
DA:22,2
DA:24,2
DA:32,6
DA:34,2
DA:35,2
DA:36,2
DA:44,2
DA:46,2
DA:47,2
DA:48,2
DA:49,2
DA:50,2
DA:53,2
DA:54,2
DA:55,2
DA:56,2
DA:62,0
DA:63,0
DA:64,0
DA:70,2
DA:73,2
DA:77,2
DA:78,2
DA:80,0
DA:86,2
DA:87,2
DA:88,2
DA:89,2
DA:94,0
DA:95,0
DA:106,2
DA:108,2
DA:109,2
DA:110,2
DA:112,2
DA:113,2
DA:114,2
DA:116,2
DA:117,2
DA:118,2
DA:119,2
DA:120,2
DA:122,2
DA:123,0
DA:124,0
DA:138,2
DA:139,2
DA:154,2
DA:155,2
DA:156,2
DA:157,2
DA:159,2
DA:160,0
DA:161,0
DA:176,0
DA:190,2
DA:191,2
DA:192,2
DA:203,2
DA:204,2
DA:206,2
DA:207,2
DA:208,2
DA:217,2
DA:219,2
DA:221,2
DA:222,2
DA:228,2
DA:244,2
DA:247,2
DA:249,2
DA:250,2
DA:252,2
DA:253,2
DA:254,0
DA:255,0
DA:258,2
DA:259,2
DA:262,2
DA:264,2
DA:265,2
DA:266,4
DA:279,2
DA:280,2
DA:281,0
DA:282,0
DA:285,0
DA:287,2
DA:288,2
DA:291,2
DA:293,2
DA:294,2
DA:295,4
DA:308,2
DA:309,2
DA:310,0
DA:311,0
DA:314,0
DA:316,2
DA:317,2
DA:320,2
DA:322,2
DA:323,2
DA:324,4
DA:344,2
DA:345,2
DA:346,0
LF:110
LH:90
end_of_record
SF:lib/Screens/CarouselScreen.dart
DA:10,2
DA:11,2
DA:19,2
DA:20,2
DA:21,6
DA:22,10
DA:27,2
DA:28,2
DA:33,2
DA:34,2
DA:42,2
DA:44,2
DA:45,6
DA:46,0
DA:47,0
DA:49,0
DA:53,4
DA:64,0
DA:66,0
DA:68,0
DA:72,2
DA:74,6
DA:88,2
DA:89,2
DA:91,2
DA:93,2
DA:98,2
DA:99,2
DA:100,2
DA:101,6
DA:102,2
DA:104,2
DA:105,0
DA:106,0
DA:107,0
DA:110,2
DA:111,2
DA:112,2
DA:113,2
DA:116,4
DA:117,2
DA:118,2
DA:122,2
DA:123,2
DA:124,2
DA:125,2
DA:132,2
DA:134,2
DA:137,2
DA:138,2
DA:141,2
DA:144,2
DA:155,2
DA:156,2
DA:157,2
DA:160,4
DA:161,2
DA:162,2
DA:166,2
DA:167,2
DA:168,2
DA:169,2
DA:176,2
DA:178,2
DA:181,2
DA:182,2
DA:185,2
DA:188,2
DA:199,2
DA:200,2
DA:201,2
DA:204,4
DA:205,2
DA:206,2
DA:210,2
DA:211,2
DA:212,2
DA:213,2
DA:220,2
DA:222,2
DA:225,2
DA:226,2
DA:230,2
DA:233,2
DA:247,2
DA:249,2
DA:251,2
DA:253,2
DA:257,8
DA:258,2
DA:260,2
DA:261,0
DA:262,0
DA:267,2
DA:269,2
DA:272,2
DA:282,2
DA:303,8
DA:304,0
DA:305,0
DA:307,0
DA:308,0
DA:310,0
DA:312,0
DA:315,0
DA:325,0
LF:106
LH:87
end_of_record
SF:lib/Screens/SplashScreen.dart
DA:12,2
DA:14,2
DA:15,2
DA:19,2
DA:21,2
DA:22,2
DA:25,2
DA:26,4
DA:28,2
DA:29,8
DA:33,2
DA:35,2
DA:36,2
DA:39,2
DA:40,2
DA:41,2
DA:43,4
DA:47,2
LF:18
LH:18
end_of_record
SF:lib/Screens/components/custom_button.dart
DA:15,2
DA:23,2
DA:25,2
DA:27,2
DA:28,2
DA:29,2
DA:31,2
DA:32,4
DA:34,2
DA:35,2
DA:37,2
DA:39,2
DA:40,2
DA:41,2
DA:42,8
DA:45,10
LF:16
LH:16
end_of_record
SF:lib/Screens/components/labeled_text_form_field.dart
DA:18,4
DA:30,2
DA:31,2
DA:33,2
DA:34,4
DA:35,2
DA:38,2
DA:39,2
DA:40,2
DA:43,2
DA:44,2
DA:45,2
DA:46,2
DA:47,2
DA:48,2
DA:49,2
DA:50,2
DA:51,2
LF:18
LH:18
end_of_record
SF:lib/Screens/components/social_icon.dart
DA:8,2
DA:14,2
DA:16,2
DA:18,2
DA:22,2
DA:24,4
DA:26,2
DA:27,2
DA:28,2
DA:29,2
DA:30,2
LF:11
LH:11
end_of_record
SF:lib/Screens/components/text_form_field.dart
DA:16,4
DA:26,2
DA:28,2
DA:29,2
DA:34,2
DA:36,6
DA:37,2
DA:40,2
DA:42,2
DA:44,4
DA:45,2
DA:46,4
DA:47,4
DA:48,2
DA:49,4
DA:55,4
DA:57,4
DA:58,0
DA:59,0
DA:60,0
DA:61,0
DA:64,0
DA:66,0
DA:67,0
DA:72,4
DA:81,4
LF:26
LH:19
end_of_record
SF:lib/Screens/drawer/drawer.dart
DA:24,4
DA:26,2
DA:27,2
DA:31,2
DA:33,2
DA:34,2
DA:36,2
DA:38,2
DA:39,2
DA:43,2
DA:45,2
DA:46,2
DA:48,2
DA:50,2
DA:51,2
DA:52,2
DA:53,2
DA:56,2
DA:57,2
DA:58,2
DA:60,2
DA:61,0
DA:62,0
DA:72,2
DA:75,2
DA:76,2
DA:77,0
DA:78,0
DA:80,0
DA:81,0
DA:82,0
DA:98,2
DA:99,2
DA:100,2
DA:102,2
DA:103,0
DA:104,0
DA:106,0
DA:107,0
DA:108,0
DA:109,0
DA:123,2
DA:126,0
DA:127,0
DA:130,0
DA:133,2
DA:136,0
DA:138,0
DA:139,0
DA:141,0
DA:145,2
DA:148,0
DA:150,0
DA:151,0
DA:153,0
DA:158,2
DA:160,2
DA:161,2
DA:163,2
DA:164,2
DA:169,0
DA:170,0
DA:191,2
DA:192,2
DA:193,0
DA:196,0
DA:197,0
DA:198,0
DA:199,0
DA:200,0
DA:202,0
DA:203,0
DA:205,0
DA:206,0
DA:209,0
DA:214,0
DA:215,0
DA:216,0
DA:220,0
DA:221,0
DA:224,0
DA:225,0
DA:229,0
DA:230,0
DA:231,0
DA:234,0
DA:235,0
DA:236,0
DA:237,0
DA:238,0
DA:242,0
DA:245,0
DA:250,0
DA:253,0
DA:260,2
DA:266,2
DA:267,0
DA:268,0
DA:271,2
DA:276,2
DA:277,2
DA:278,2
DA:282,2
DA:283,2
LF:104
LH:46
end_of_record
SF:lib/Screens/home/home.dart
DA:12,0
DA:13,0
DA:27,0
DA:30,0
DA:31,0
DA:33,0
DA:36,0
DA:38,0
DA:39,0
DA:42,0
DA:43,0
DA:44,0
DA:45,0
DA:49,0
DA:51,0
DA:52,0
DA:53,0
DA:54,0
DA:55,0
DA:56,0
DA:57,0
DA:59,0
DA:61,0
DA:62,0
DA:64,0
DA:65,0
DA:66,0
DA:67,0
DA:68,0
DA:69,0
DA:70,0
DA:75,0
DA:76,0
DA:77,0
DA:78,0
DA:80,0
DA:81,0
DA:82,0
DA:84,0
DA:85,0
DA:86,0
DA:88,0
DA:92,0
DA:93,0
DA:96,0
DA:97,0
DA:98,0
DA:99,0
DA:100,0
DA:101,0
DA:102,0
DA:107,0
DA:110,0
DA:111,0
DA:112,0
DA:113,0
DA:114,0
DA:115,0
DA:119,0
DA:120,0
DA:121,0
DA:122,0
DA:123,0
DA:128,0
DA:135,0
DA:136,0
DA:138,0
DA:139,0
DA:148,0
DA:149,0
DA:151,0
DA:152,0
DA:153,0
LF:73
LH:0
end_of_record
SF:lib/Screens/home/home_page.dart
DA:30,0
DA:31,0
DA:39,0
DA:41,0
DA:42,0
DA:43,0
DA:44,0
DA:45,0
DA:46,0
DA:47,0
DA:51,0
DA:52,0
DA:53,0
DA:54,0
DA:58,0
DA:60,0
DA:61,0
DA:62,0
DA:63,0
DA:64,0
DA:68,0
DA:70,0
DA:71,0
DA:73,0
DA:74,0
DA:75,0
DA:77,0
DA:78,0
DA:83,0
DA:85,0
DA:86,0
DA:87,0
DA:89,0
DA:93,0
DA:95,0
DA:97,0
DA:99,0
DA:100,0
DA:102,0
DA:103,0
DA:104,0
DA:107,0
DA:108,0
DA:109,0
DA:111,0
DA:112,0
DA:113,0
DA:131,0
DA:133,0
DA:134,0
DA:136,0
DA:137,0
DA:138,0
DA:139,0
DA:141,0
DA:142,0
DA:143,0
DA:145,0
DA:157,0
DA:158,0
DA:159,0
DA:161,0
DA:163,0
DA:164,0
DA:171,0
DA:173,0
DA:183,0
DA:184,0
DA:185,0
DA:187,0
DA:188,0
DA:189,0
DA:214,0
DA:216,0
DA:217,0
DA:218,0
DA:220,0
DA:222,0
DA:223,0
DA:229,0
DA:230,0
DA:240,0
DA:243,0
DA:245,0
DA:246,0
DA:247,0
DA:248,0
DA:249,0
DA:252,0
DA:261,0
DA:262,0
DA:263,0
DA:266,0
DA:276,0
DA:277,0
DA:278,0
DA:282,0
DA:283,0
DA:285,0
DA:295,0
DA:296,0
DA:298,0
DA:299,0
DA:301,0
DA:302,0
DA:305,0
DA:307,0
DA:308,0
DA:309,0
DA:330,0
DA:331,0
DA:332,0
DA:335,0
DA:338,0
DA:340,0
DA:341,0
DA:342,0
DA:344,0
DA:348,0
DA:349,0
DA:350,0
DA:352,0
DA:353,0
DA:355,0
DA:356,0
DA:357,0
DA:358,0
DA:361,0
DA:363,0
DA:364,0
DA:369,0
DA:373,0
DA:375,0
DA:376,0
DA:377,0
DA:378,0
DA:381,0
DA:384,0
DA:385,0
DA:386,0
DA:388,0
DA:392,0
DA:393,0
DA:394,0
DA:396,0
DA:397,0
DA:399,0
DA:400,0
DA:401,0
DA:402,0
DA:405,0
DA:407,0
DA:408,0
DA:413,0
DA:417,0
DA:419,0
DA:420,0
DA:421,0
DA:422,0
DA:425,0
DA:427,0
DA:428,0
DA:429,0
DA:431,0
DA:435,0
DA:436,0
DA:437,0
DA:439,0
DA:440,0
DA:442,0
DA:443,0
DA:444,0
DA:445,0
DA:448,0
DA:450,0
DA:451,0
DA:456,0
DA:460,0
DA:462,0
DA:463,0
DA:464,0
DA:465,0
DA:468,0
DA:470,0
DA:471,0
DA:472,0
DA:474,0
DA:478,0
DA:479,0
DA:480,0
DA:482,0
DA:483,0
DA:485,0
DA:486,0
DA:487,0
DA:488,0
DA:491,0
DA:493,0
DA:494,0
DA:499,0
DA:503,0
DA:505,0
DA:506,0
DA:507,0
DA:508,0
DA:512,0
DA:513,0
DA:518,0
DA:519,0
DA:521,0
DA:522,0
DA:525,0
DA:527,0
DA:528,0
DA:535,0
DA:536,0
DA:539,0
DA:544,0
DA:545,0
DA:546,0
DA:547,0
DA:548,0
DA:550,0
DA:551,0
DA:553,0
DA:554,0
DA:557,0
LF:227
LH:0
end_of_record
SF:lib/Screens/home/widgets/app_bar_title_widget.dart
DA:6,2
DA:8,2
DA:11,2
DA:13,2
DA:14,2
DA:15,2
DA:25,2
DA:27,2
DA:28,2
LF:9
LH:9
end_of_record
SF:lib/Screens/home/widgets/reward_count_widget.dart
DA:7,2
DA:9,2
DA:17,6
DA:20,2
DA:21,2
DA:22,2
DA:30,2
DA:32,2
DA:33,2
DA:34,2
DA:35,2
DA:36,2
DA:39,2
DA:40,2
DA:41,2
DA:42,2
DA:48,0
DA:49,0
DA:51,0
DA:58,2
DA:60,2
DA:61,2
DA:62,2
LF:23
LH:20
end_of_record
SF:lib/Screens/home/widgets/section_header_widget.dart
DA:10,2
DA:14,2
DA:15,2
DA:17,2
DA:19,2
DA:21,2
DA:22,2
DA:23,2
DA:24,2
DA:25,8
DA:33,2
DA:34,0
DA:35,0
DA:36,0
DA:37,0
DA:38,0
LF:16
LH:11
end_of_record
SF:lib/Screens/login/login_page.dart
DA:15,2
DA:17,2
DA:18,2
DA:24,2
DA:26,6
DA:27,6
DA:28,2
DA:31,2
DA:33,2
DA:34,2
DA:35,2
DA:39,2
DA:40,2
DA:41,2
DA:58,2
DA:61,2
DA:65,2
DA:67,2
DA:68,2
DA:69,2
DA:70,2
DA:72,0
DA:75,0
DA:77,6
DA:79,2
DA:82,0
DA:85,0
DA:86,0
DA:87,0
DA:88,0
DA:89,0
DA:90,0
DA:93,0
DA:96,0
DA:100,2
DA:115,2
DA:118,2
DA:120,2
DA:121,2
DA:122,2
DA:129,2
DA:130,2
LF:42
LH:31
end_of_record
SF:lib/Screens/login/widgets/input_widget.dart
DA:8,2
DA:9,2
DA:16,2
DA:18,2
DA:21,2
DA:22,2
DA:24,2
DA:29,2
DA:30,2
DA:31,2
DA:32,2
DA:34,2
DA:35,0
DA:36,0
DA:38,2
DA:41,8
LF:16
LH:14
end_of_record
SF:lib/Screens/login/widgets/social_login_widget.dart
DA:19,6
DA:21,2
DA:22,2
DA:29,2
DA:31,2
DA:33,2
DA:34,2
DA:35,2
DA:36,2
DA:37,2
DA:42,2
DA:44,6
DA:58,2
DA:64,0
DA:65,0
DA:72,0
DA:73,0
DA:75,0
DA:76,0
DA:77,0
DA:78,0
DA:79,0
DA:80,0
DA:81,0
DA:82,0
DA:85,0
DA:87,0
DA:88,0
DA:90,0
DA:92,0
DA:94,0
DA:105,0
DA:106,0
DA:108,0
DA:109,0
DA:110,0
DA:111,0
DA:115,0
DA:116,0
DA:117,0
DA:123,0
DA:124,0
DA:125,0
DA:131,0
DA:132,0
DA:133,0
DA:134,0
DA:137,0
DA:141,0
DA:144,0
DA:145,0
DA:147,0
DA:148,0
DA:149,0
DA:151,0
DA:154,0
DA:156,0
DA:158,0
DA:161,0
DA:164,0
DA:165,0
DA:166,0
DA:167,0
DA:168,0
DA:169,0
DA:170,0
DA:173,0
DA:176,0
LF:68
LH:13
end_of_record
SF:lib/Screens/messages/messages_detail_page.dart
DA:8,2
DA:9,2
DA:13,2
DA:15,2
DA:16,2
DA:18,2
DA:21,2
DA:22,2
DA:23,0
DA:25,2
DA:26,2
DA:27,2
DA:31,2
DA:32,2
DA:33,2
DA:36,2
DA:37,2
DA:38,2
DA:40,2
DA:41,0
DA:42,0
DA:52,2
DA:55,2
DA:57,2
DA:78,2
DA:79,2
DA:80,2
DA:82,2
DA:83,0
DA:84,0
DA:86,0
DA:87,0
DA:88,0
DA:89,0
DA:97,2
DA:98,2
DA:99,0
DA:105,2
DA:106,0
DA:116,2
DA:117,2
DA:118,2
DA:119,2
DA:121,2
DA:123,2
DA:159,2
DA:160,2
DA:163,2
DA:164,2
DA:165,4
DA:169,2
DA:170,2
DA:171,2
DA:172,0
DA:179,2
DA:180,0
DA:187,2
DA:188,2
DA:189,2
DA:190,2
DA:191,2
DA:195,2
DA:196,2
DA:201,2
DA:207,2
DA:208,2
DA:218,2
DA:219,0
DA:236,2
DA:237,2
DA:238,0
DA:246,2
DA:247,0
DA:248,2
DA:250,2
DA:252,2
DA:253,2
DA:254,2
DA:255,2
DA:256,2
DA:259,2
DA:260,2
DA:261,2
DA:263,2
DA:264,0
DA:265,0
DA:266,0
DA:275,2
DA:279,2
DA:280,2
DA:282,2
DA:283,12
DA:284,12
DA:290,2
DA:291,2
DA:294,4
DA:295,4
DA:297,4
DA:299,2
DA:300,2
DA:301,2
DA:302,2
DA:310,2
DA:311,2
DA:312,2
DA:315,2
DA:316,2
DA:317,2
DA:319,2
DA:320,0
DA:321,0
DA:322,0
DA:331,2
DA:339,2
DA:340,2
DA:341,0
LF:116
LH:93
end_of_record
SF:lib/Screens/otp_verification/login_with_otp.dart
DA:21,2
DA:23,2
DA:24,4
DA:41,2
DA:45,2
DA:46,2
DA:48,2
DA:50,2
DA:51,2
DA:54,4
DA:61,2
DA:62,2
DA:69,0
DA:70,0
DA:71,0
DA:72,0
DA:73,0
DA:74,0
DA:75,0
DA:76,0
DA:77,0
DA:80,0
DA:81,0
DA:85,2
DA:87,4
DA:88,0
DA:89,0
DA:90,0
DA:93,0
DA:94,0
DA:98,2
DA:99,2
DA:100,2
DA:101,2
DA:102,0
DA:103,0
DA:104,0
DA:105,0
DA:109,2
DA:111,4
DA:112,2
DA:115,2
DA:117,2
DA:119,2
DA:120,2
DA:134,2
DA:136,0
DA:139,2
DA:141,2
DA:142,2
DA:143,2
DA:144,2
DA:148,2
DA:150,2
DA:176,2
DA:177,2
DA:178,2
DA:184,0
DA:188,0
DA:189,0
DA:197,2
DA:199,2
DA:208,2
DA:214,2
DA:215,4
DA:224,2
DA:227,2
DA:229,2
DA:230,2
DA:231,2
DA:235,2
DA:236,2
DA:237,2
DA:240,0
DA:246,0
DA:249,0
DA:251,0
DA:252,0
DA:253,0
DA:254,0
DA:255,0
DA:256,0
DA:257,0
DA:259,0
DA:261,0
DA:264,0
DA:291,0
DA:292,0
DA:294,0
DA:295,0
LF:90
LH:49
end_of_record
SF:lib/Utility/dialog_rounded_button.dart
DA:9,2
DA:14,2
DA:16,2
DA:18,4
DA:19,2
DA:24,2
DA:25,2
DA:26,2
DA:31,2
DA:32,2
DA:34,2
DA:35,2
DA:36,2
DA:38,2
DA:39,2
DA:40,2
DA:41,2
DA:42,2
DA:43,2
LF:19
LH:19
end_of_record
SF:lib/Screens/messages/messages_page.dart
DA:12,0
DA:13,0
DA:18,0
DA:20,0
DA:21,0
DA:23,0
DA:25,0
DA:26,0
DA:28,0
DA:29,0
DA:30,0
DA:31,0
DA:34,0
DA:35,0
DA:36,0
DA:39,0
DA:44,0
DA:46,0
DA:49,0
DA:50,0
DA:51,0
DA:59,0
DA:60,0
DA:61,0
DA:70,0
DA:71,0
DA:79,0
DA:80,0
DA:93,0
DA:106,0
DA:115,0
DA:117,0
DA:119,0
DA:120,0
DA:121,0
DA:123,0
DA:124,0
DA:125,0
DA:128,0
DA:129,0
DA:130,0
DA:133,0
DA:134,0
DA:135,0
DA:137,0
DA:138,0
DA:139,0
DA:140,0
DA:149,0
DA:152,0
DA:153,0
DA:154,0
DA:156,0
DA:177,0
DA:178,0
DA:180,0
DA:181,0
DA:182,0
DA:183,0
DA:187,0
DA:188,0
DA:201,0
DA:203,0
DA:204,0
DA:205,0
DA:213,0
DA:214,0
DA:218,0
DA:223,0
DA:224,0
DA:227,0
DA:228,0
DA:247,0
DA:248,0
DA:249,0
LF:75
LH:0
end_of_record
SF:lib/Screens/settings/settings_page.dart
DA:7,0
DA:8,0
DA:13,0
DA:15,0
DA:18,0
DA:20,0
DA:21,0
DA:22,0
DA:23,0
DA:24,0
DA:26,0
DA:31,0
DA:32,0
DA:44,0
LF:14
LH:0
end_of_record
SF:lib/Screens/home/widgets/no_appointments_widget.dart
DA:7,0
DA:9,0
DA:10,0
DA:11,0
DA:13,0
DA:17,0
DA:18,0
DA:26,0
DA:29,0
DA:30,0
LF:10
LH:0
end_of_record
SF:lib/Screens/settings/widgets/account_widget.dart
DA:9,0
DA:12,0
DA:13,0
DA:15,0
DA:17,0
DA:18,0
DA:20,0
DA:22,0
DA:23,0
DA:24,0
DA:25,0
DA:31,0
DA:32,0
DA:33,0
DA:44,0
LF:15
LH:0
end_of_record
SF:lib/Screens/settings/widgets/general_widget.dart
DA:13,0
DA:15,0
DA:16,0
DA:17,0
DA:22,0
DA:24,0
DA:25,0
DA:28,0
DA:30,0
DA:32,0
DA:33,0
DA:35,0
DA:37,0
DA:38,0
DA:39,0
DA:40,0
DA:46,0
DA:47,0
DA:48,0
DA:54,0
DA:56,0
DA:57,0
DA:58,0
DA:64,0
DA:66,0
DA:67,0
DA:68,0
DA:69,0
DA:74,0
DA:76,0
DA:77,0
DA:78,0
DA:79,0
DA:84,0
DA:86,0
DA:87,0
DA:88,0
DA:89,0
DA:94,0
DA:96,0
DA:97,0
DA:98,0
DA:99,0
DA:100,0
DA:101,0
DA:104,0
DA:106,0
LF:47
LH:0
end_of_record
SF:lib/Screens/settings/widgets/settings_widget.dart
DA:9,2
DA:10,0
DA:11,0
DA:16,0
DA:18,0
DA:20,0
DA:21,0
DA:23,0
DA:25,0
DA:26,0
DA:27,0
DA:28,0
DA:35,0
DA:36,0
DA:37,0
DA:47,0
DA:50,0
DA:51,0
DA:52,0
DA:62,0
LF:20
LH:1
end_of_record
